0 info it worked if it ends with ok
1 verbose cli [ '/usr/bin/node', '/usr/bin/npm', 'run', 'build' ]
2 info using npm@1.4.28
3 info using node@v0.10.40
4 verbose node symlink /usr/bin/node
5 verbose run-script [ 'prebuild', 'build', 'postbuild' ]
6 info prebuild challenge-249@1.0.0
7 info build challenge-249@1.0.0
8 verbose unsafe-perm in lifecycle true
9 info challenge-249@1.0.0 Failed to exec build script
10 error challenge-249@1.0.0 build: `babel index.js -o build.js`
10 error Exit status 1
11 error Failed at the challenge-249@1.0.0 build script.
11 error This is most likely a problem with the challenge-249 package,
11 error not with npm itself.
11 error Tell the author that this fails on your system:
11 error     babel index.js -o build.js
11 error You can get their info via:
11 error     npm owner ls challenge-249
11 error There is likely additional logging output above.
12 error System Linux 3.16.0-38-generic
13 error command "/usr/bin/node" "/usr/bin/npm" "run" "build"
14 error cwd /var/www/html/challenge-249
15 error node -v v0.10.40
16 error npm -v 1.4.28
17 error code ELIFECYCLE
18 verbose exit [ 1, true ]
